[2025-12-15T16:45:44.692Z] GET / - 106ms
[2025-12-15T16:45:54.991Z] GET / - 0ms
[2025-12-15T16:45:56.560Z] GET / - 1ms
[2025-12-15T16:47:40.213Z] GET / - 1ms
[2025-12-15T16:47:41.717Z] GET / - 1ms
[2025-12-15T16:52:46.256Z] GET / - 23ms
[2025-12-15T16:52:50.924Z] GET / - 1ms
[2025-12-15T16:52:51.722Z] GET / - 0ms
[2025-12-15T16:52:52.105Z] GET / - 1ms
[2025-12-15T16:52:52.401Z] GET / - 1ms
[2025-12-15T16:52:52.668Z] GET / - 1ms
[2025-12-15T16:52:52.903Z] GET / - 1ms
[2025-12-15T16:53:04.721Z] GET / - 1ms
[2025-12-15T16:56:33.312Z] GET / - 1ms
[2025-12-15T16:56:34.126Z] GET / - 1ms
[2025-12-15T16:56:34.488Z] GET / - 1ms
[2025-12-15T16:56:34.798Z] GET / - 0ms
[2025-12-15T16:59:56.087Z] GET / - 28ms
[2025-12-15T16:59:56.120Z] GET /static/public/css/styles.css - 1ms
[2025-12-15T16:59:56.127Z] GET /static/public/js/app.js - 1ms
[2025-12-15T17:00:02.913Z] GET / - 1ms
[2025-12-15T17:00:02.935Z] GET /static/public/css/styles.css - 1ms
[2025-12-15T17:00:02.937Z] GET /static/public/js/app.js - 1ms
[2025-12-15T17:00:05.977Z] GET /productos - 0ms
[2025-12-15T17:00:06.007Z] GET /static/public/css/styles.css - 0ms
[2025-12-15T17:00:06.009Z] GET /static/public/js/app.js - 1ms
[2025-12-15T17:00:47.290Z] GET /productos - 1ms
[2025-12-15T17:00:47.312Z] GET /static/public/css/styles.css - 1ms
[2025-12-15T17:00:47.313Z] GET /static/public/js/app.js - 0ms
[2025-12-15T17:00:48.196Z] GET /productos - 1ms
[2025-12-15T17:00:48.215Z] GET /static/public/css/styles.css - 1ms
[2025-12-15T17:00:48.216Z] GET /static/public/js/app.js - 0ms
[2025-12-15T17:00:53.893Z] GET /productos - 1ms
[2025-12-15T17:00:53.914Z] GET /static/public/css/styles.css - 0ms
[2025-12-15T17:00:53.915Z] GET /static/public/js/app.js - 0ms
[2025-12-15T17:00:56.086Z] GET /productos - 1ms
[2025-12-15T17:00:56.111Z] GET /static/public/css/styles.css - 0ms
[2025-12-15T17:00:56.116Z] GET /static/public/js/app.js - 1ms
[2025-12-15T17:01:00.801Z] GET /productos/1 - 0ms
[2025-12-15T17:01:00.831Z] GET /static/public/css/styles.css - 0ms
[2025-12-15T17:01:00.833Z] GET /static/public/js/app.js - 1ms
[2025-12-15T17:01:02.299Z] GET /productos - 1ms
[2025-12-15T17:01:02.331Z] GET /static/public/css/styles.css - 0ms
[2025-12-15T17:01:02.333Z] GET /static/public/js/app.js - 1ms
[2025-12-15T17:01:56.234Z] GET /productos - 1ms
[2025-12-15T17:01:56.257Z] GET /static/css/styles.css - 1ms
[2025-12-15T17:01:56.258Z] GET /static/public/js/app.js - 0ms
[2025-12-15T17:01:57.713Z] GET /productos - 1ms
[2025-12-15T17:01:57.733Z] GET /static/css/styles.css - 0ms
[2025-12-15T17:01:57.735Z] GET /static/public/js/app.js - 1ms
[2025-12-15T17:02:56.370Z] GET /productos - 1ms
[2025-12-15T17:02:56.397Z] GET /static/css/styles.css - 1ms
[2025-12-15T17:02:56.398Z] GET /static/js/app.js - 1ms
[2025-12-15T17:02:56.980Z] GET /productos - 1ms
[2025-12-15T17:02:57.004Z] GET /static/css/styles.css - 1ms
[2025-12-15T17:02:57.005Z] GET /static/js/app.js - 1ms
[2025-12-15T17:02:57.184Z] GET /productos - 0ms
[2025-12-15T17:02:57.214Z] GET /static/css/styles.css - 1ms
[2025-12-15T17:02:57.215Z] GET /static/js/app.js - 1ms
[2025-12-15T17:02:57.387Z] GET /productos - 1ms
[2025-12-15T17:02:57.416Z] GET /static/css/styles.css - 0ms
[2025-12-15T17:02:57.417Z] GET /static/js/app.js - 0ms
[2025-12-15T17:02:57.580Z] GET /productos - 1ms
[2025-12-15T17:02:57.606Z] GET /static/css/styles.css - 1ms
[2025-12-15T17:02:57.608Z] GET /static/js/app.js - 1ms
[2025-12-15T17:02:57.764Z] GET /productos - 1ms
[2025-12-15T17:02:57.791Z] GET /static/css/styles.css - 1ms
[2025-12-15T17:02:57.792Z] GET /static/js/app.js - 0ms
[2025-12-15T17:02:57.964Z] GET /productos - 1ms
[2025-12-15T17:02:57.994Z] GET /static/css/styles.css - 1ms
[2025-12-15T17:02:57.995Z] GET /static/js/app.js - 1ms
[2025-12-15T17:03:43.807Z] GET /productos - 7ms
[2025-12-15T17:03:43.838Z] GET /static/css/styles.css - 6ms
[2025-12-15T17:03:43.839Z] GET /static/js/app.js - 4ms
[2025-12-15T17:03:49.386Z] GET / - 22ms
[2025-12-15T17:03:49.413Z] GET /static/css/styles.css - 1ms
[2025-12-15T17:03:49.417Z] GET /static/js/app.js - 2ms
[2025-12-15T17:03:50.149Z] GET /productos - 1ms
[2025-12-15T17:03:50.181Z] GET /static/css/styles.css - 2ms
[2025-12-15T17:03:50.182Z] GET /static/js/app.js - 2ms
[2025-12-15T17:03:52.383Z] GET /productos/1 - 2ms
[2025-12-15T17:03:52.418Z] GET /static/css/styles.css - 2ms
[2025-12-15T17:03:52.419Z] GET /static/js/app.js - 2ms
[2025-12-15T17:03:54.173Z] GET /productos - 1ms
[2025-12-15T17:03:54.203Z] GET /static/css/styles.css - 1ms
[2025-12-15T17:03:54.205Z] GET /static/js/app.js - 3ms
[2025-12-15T17:03:56.949Z] GET /productos/2 - 1ms
[2025-12-15T17:03:56.984Z] GET /static/css/styles.css - 1ms
[2025-12-15T17:03:56.985Z] GET /static/js/app.js - 2ms
[2025-12-15T17:03:58.429Z] GET /productos - 1ms
[2025-12-15T17:03:58.460Z] GET /static/css/styles.css - 2ms
[2025-12-15T17:03:58.461Z] GET /static/js/app.js - 2ms
